<?xml version="1.0" encoding="UTF-8"?>
<testng-results skipped="0" failed="0" ignored="0" total="1" passed="1">
  <reporter-output>
  </reporter-output>
  <suite name="Default suite" duration-ms="6245" started-at="2020-08-06T15:52:28 IST" finished-at="2020-08-06T15:52:34 IST">
    <groups>
    </groups>
    <test name="Default test" duration-ms="6245" started-at="2020-08-06T15:52:28 IST" finished-at="2020-08-06T15:52:34 IST">
      <class name="requests.Post_1">
        <test-method status="PASS" signature="setUp()[pri:0, instance:requests.Post_1@6737fd8f]" name="setUp" is-config="true" duration-ms="11" started-at="2020-08-06T15:52:28 IST" finished-at="2020-08-06T15:52:28 IST">
          <reporter-output>
          </reporter-output>
        </test-method> <!-- setUp -->
        <test-method status="PASS" signature="post_1()[pri:0, instance:requests.Post_1@6737fd8f]" name="post_1" duration-ms="6212" started-at="2020-08-06T15:52:28 IST" finished-at="2020-08-06T15:52:34 IST">
          <reporter-output>
          </reporter-output>
        </test-method> <!-- post_1 -->
      </class> <!-- requests.Post_1 -->
    </test> <!-- Default test -->
  </suite> <!-- Default suite -->
</testng-results>
