<?xml version="1.0" encoding="UTF-8"?>
<testng-results skipped="0" failed="0" ignored="0" total="1" passed="1">
  <reporter-output>
  </reporter-output>
  <suite name="Default suite" duration-ms="26550" started-at="2020-08-27T17:59:40Z" finished-at="2020-08-27T18:00:07Z">
    <groups>
    </groups>
    <test name="Default test" duration-ms="26550" started-at="2020-08-27T17:59:40Z" finished-at="2020-08-27T18:00:07Z">
      <class name="Aug27.ValidateDropdowns">
        <test-method status="PASS" signature="beforetest()[pri:0, instance:Aug27.ValidateDropdowns@7c16905e]" name="beforetest" is-config="true" duration-ms="20244" started-at="2020-08-27T17:59:40Z" finished-at="2020-08-27T18:00:00Z">
          <reporter-output>
          </reporter-output>
        </test-method> <!-- beforetest -->
        <test-method status="PASS" signature="f()[pri:0, instance:Aug27.ValidateDropdowns@7c16905e]" name="f" duration-ms="937" started-at="2020-08-27T18:00:00Z" finished-at="2020-08-27T18:00:01Z">
          <reporter-output>
          </reporter-output>
        </test-method> <!-- f -->
        <test-method status="PASS" signature="exit()[pri:0, instance:Aug27.ValidateDropdowns@7c16905e]" name="exit" is-config="true" duration-ms="5347" started-at="2020-08-27T18:00:01Z" finished-at="2020-08-27T18:00:07Z">
          <reporter-output>
          </reporter-output>
        </test-method> <!-- exit -->
      </class> <!-- Aug27.ValidateDropdowns -->
    </test> <!-- Default test -->
  </suite> <!-- Default suite -->
</testng-results>
