<?xml version="1.0" encoding="UTF-8"?>
<!-- Generated by org.testng.reporters.JUnitXMLReporter -->
<testsuite hostname="ASHISH" ignored="0" name="Default test" tests="30" failures="0" timestamp="18 Aug 2020 05:36:08 GMT" time="0.965" errors="0">
  <testcase name="loginTest" time="0.007" classname="july20.TableSearch"/>
  <testcase name="loginTest" time="0.001" classname="july20.TableSearch"/>
  <testcase name="loginTest" time="0.001" classname="july20.TableSearch"/>
  <testcase name="loginTest" time="0.003" classname="july20.TableSearch"/>
  <testcase name="loginTest" time="0.002" classname="july20.TableSearch"/>
  <testcase name="loginTest" time="0.003" classname="july20.TableSearch"/>
  <testcase name="loginTest" time="0.002" classname="july20.TableSearch"/>
  <testcase name="loginTest" time="0.002" classname="july20.TableSearch"/>
  <testcase name="loginTest" time="0.001" classname="july20.TableSearch"/>
  <testcase name="loginTest" time="0.001" classname="july20.TableSearch"/>
  <testcase name="loginTest" time="0.0" classname="july20.TableSearch"/>
  <testcase name="loginTest" time="0.0" classname="july20.TableSearch"/>
  <testcase name="loginTest" time="0.001" classname="july20.TableSearch"/>
  <testcase name="loginTest" time="0.006" classname="july20.TableSearch"/>
  <testcase name="loginTest" time="0.0" classname="july20.TableSearch"/>
  <testcase name="loginTest" time="0.002" classname="july20.TableSearch"/>
  <testcase name="loginTest" time="0.001" classname="july20.TableSearch"/>
  <testcase name="loginTest" time="0.001" classname="july20.TableSearch"/>
  <testcase name="loginTest" time="0.0" classname="july20.TableSearch"/>
  <testcase name="loginTest" time="0.002" classname="july20.TableSearch"/>
  <testcase name="loginTest" time="0.001" classname="july20.TableSearch"/>
  <testcase name="loginTest" time="0.0" classname="july20.TableSearch"/>
  <testcase name="loginTest" time="0.001" classname="july20.Addition"/>
  <testcase name="loginTest" time="0.001" classname="july20.Addition"/>
  <testcase name="loginTest" time="0.001" classname="july20.Addition"/>
  <testcase name="loginTest" time="0.003" classname="july20.Addition"/>
  <testcase name="loginTest" time="0.002" classname="july20.Addition"/>
  <testcase name="loginTest" time="0.001" classname="july20.Addition"/>
  <testcase name="loginTest" time="0.001" classname="july20.Addition"/>
  <testcase name="loginTest" time="0.0" classname="july20.Addition"/>
</testsuite> <!-- Default test -->
